e:\docs\programming\17-02_gl_engine\repos\opengl\gl_demo\x64\debug\vc141.pdb
e:\docs\programming\17-02_gl_engine\repos\opengl\gl_demo\x64\debug\vc141.idb
e:\docs\programming\17-02_gl_engine\repos\opengl\gl_demo\x64\debug\shaderballhd.obj
e:\docs\programming\17-02_gl_engine\repos\opengl\gl_demo\x64\debug\gl_demo.obj
e:\docs\programming\17-02_gl_engine\repos\opengl\gl_demo\x64\debug\vcpkg.applocal.log
e:\docs\programming\17-02_gl_engine\repos\opengl\x64\debug\gl_demo.exe
e:\docs\programming\17-02_gl_engine\repos\opengl\x64\debug\gl_demo.ilk
e:\docs\programming\17-02_gl_engine\repos\opengl\x64\debug\gl_demo.pdb
e:\docs\programming\17-02_gl_engine\repos\opengl\build\x64\debug\gl_demo.exe
e:\docs\programming\17-02_gl_engine\repos\opengl\build\x64\debug\gl_demo.ilk
e:\docs\programming\17-02_gl_engine\repos\opengl\build\x64\debug\gl_demo.pdb
e:\docs\programming\17-02_gl_engine\repos\opengl\gl_demo\x64\debug\vc142.idb
e:\docs\programming\17-02_gl_engine\repos\opengl\gl_demo\x64\debug\vc142.pdb
e:\docs\programming\17-02_gl_engine\repos\opengl\gl_demo\x64\debug\gl_demo.tlog\cl.command.1.tlog
e:\docs\programming\17-02_gl_engine\repos\opengl\gl_demo\x64\debug\gl_demo.tlog\cl.read.1.tlog
e:\docs\programming\17-02_gl_engine\repos\opengl\gl_demo\x64\debug\gl_demo.tlog\cl.write.1.tlog
e:\docs\programming\17-02_gl_engine\repos\opengl\gl_demo\x64\debug\gl_demo.tlog\gl_demo.write.1u.tlog
e:\docs\programming\17-02_gl_engine\repos\opengl\gl_demo\x64\debug\gl_demo.tlog\link.command.1.tlog
e:\docs\programming\17-02_gl_engine\repos\opengl\gl_demo\x64\debug\gl_demo.tlog\link.read.1.tlog
e:\docs\programming\17-02_gl_engine\repos\opengl\gl_demo\x64\debug\gl_demo.tlog\link.write.1.tlog
