c:\_docs\programming\17-02_gl_engine\opengl\gl_engine\x64\debug\gl_engine.pdb
c:\_docs\programming\17-02_gl_engine\opengl\gl_engine\x64\debug\gl_engine.idb
c:\_docs\programming\17-02_gl_engine\opengl\gl_engine\x64\debug\renderer.obj
c:\_docs\programming\17-02_gl_engine\opengl\gl_engine\x64\debug\meshnode.obj
c:\_docs\programming\17-02_gl_engine\opengl\gl_engine\x64\debug\shadowmap.obj
c:\_docs\programming\17-02_gl_engine\opengl\gl_engine\x64\debug\tonemap.obj
c:\_docs\programming\17-02_gl_engine\opengl\gl_engine\x64\debug\deferred.obj
c:\_docs\programming\17-02_gl_engine\opengl\gl_engine\x64\debug\bloom.obj
c:\_docs\programming\17-02_gl_engine\opengl\gl_engine\x64\debug\lightnode.obj
c:\_docs\programming\17-02_gl_engine\opengl\gl_engine\x64\debug\materiallibrary.obj
c:\_docs\programming\17-02_gl_engine\opengl\gl_engine\x64\debug\material.obj
c:\_docs\programming\17-02_gl_engine\opengl\gl_engine\x64\debug\spotlight.obj
c:\_docs\programming\17-02_gl_engine\opengl\gl_engine\x64\debug\pointlight.obj
c:\_docs\programming\17-02_gl_engine\opengl\gl_engine\x64\debug\light.obj
c:\_docs\programming\17-02_gl_engine\opengl\gl_engine\x64\debug\directionallight.obj
c:\_docs\programming\17-02_gl_engine\opengl\gl_engine\x64\debug\gl_engine.pch
c:\_docs\programming\17-02_gl_engine\opengl\gl_engine\x64\debug\pch.obj
c:\_docs\programming\17-02_gl_engine\opengl\gl_engine\x64\debug\cameranode.obj
c:\_docs\programming\17-02_gl_engine\opengl\gl_engine\x64\debug\windowquad.obj
c:\_docs\programming\17-02_gl_engine\opengl\gl_engine\x64\debug\vertex.obj
c:\_docs\programming\17-02_gl_engine\opengl\gl_engine\x64\debug\sphere.obj
c:\_docs\programming\17-02_gl_engine\opengl\gl_engine\x64\debug\plane.obj
c:\_docs\programming\17-02_gl_engine\opengl\gl_engine\x64\debug\obj.obj
c:\_docs\programming\17-02_gl_engine\opengl\gl_engine\x64\debug\mesh.obj
c:\_docs\programming\17-02_gl_engine\opengl\gl_engine\x64\debug\cylinder.obj
c:\_docs\programming\17-02_gl_engine\opengl\gl_engine\x64\debug\cube.obj
c:\_docs\programming\17-02_gl_engine\opengl\gl_engine\x64\debug\arrow.obj
c:\_docs\programming\17-02_gl_engine\opengl\gl_engine\x64\debug\targetcamera.obj
c:\_docs\programming\17-02_gl_engine\opengl\gl_engine\x64\debug\orthocamera.obj
c:\_docs\programming\17-02_gl_engine\opengl\gl_engine\x64\debug\freecamera.obj
c:\_docs\programming\17-02_gl_engine\opengl\gl_engine\x64\debug\camera.obj
c:\_docs\programming\17-02_gl_engine\opengl\gl_engine\x64\debug\vectorutils.obj
c:\_docs\programming\17-02_gl_engine\opengl\gl_engine\x64\debug\timer.obj
c:\_docs\programming\17-02_gl_engine\opengl\gl_engine\x64\debug\texture.obj
c:\_docs\programming\17-02_gl_engine\opengl\gl_engine\x64\debug\text2d.obj
c:\_docs\programming\17-02_gl_engine\opengl\gl_engine\x64\debug\loadshader.obj
c:\_docs\programming\17-02_gl_engine\opengl\gl_engine\x64\debug\framebuffer.obj
c:\_docs\programming\17-02_gl_engine\opengl\gl_engine\x64\debug\vao.obj
c:\_docs\programming\17-02_gl_engine\opengl\gl_engine\x64\debug\buffer.obj
c:\_docs\programming\17-02_gl_engine\opengl\gl_engine\x64\debug\window.obj
c:\_docs\programming\17-02_gl_engine\opengl\gl_engine\x64\debug\node.obj
c:\_docs\programming\17-02_gl_engine\opengl\x64\debug\gl_engine.lib
c:\_docs\programming\17-02_gl_engine\opengl\gl_engine\x64\debug\shadowmap.new.obj.enc
c:\_docs\programming\17-02_gl_engine\opengl\x64\debug\gl_engine.pdb
c:\_docs\programming\17-02_gl_engine\opengl\gl_engine\x64\debug\gl_engine.tlog\cl.command.1.tlog
c:\_docs\programming\17-02_gl_engine\opengl\gl_engine\x64\debug\gl_engine.tlog\cl.read.1.tlog
c:\_docs\programming\17-02_gl_engine\opengl\gl_engine\x64\debug\gl_engine.tlog\cl.write.1.tlog
c:\_docs\programming\17-02_gl_engine\opengl\gl_engine\x64\debug\gl_engine.tlog\gl_engine.write.1u.tlog
c:\_docs\programming\17-02_gl_engine\opengl\gl_engine\x64\debug\gl_engine.tlog\lib-link.read.1.tlog
c:\_docs\programming\17-02_gl_engine\opengl\gl_engine\x64\debug\gl_engine.tlog\lib-link.write.1.tlog
c:\_docs\programming\17-02_gl_engine\opengl\gl_engine\x64\debug\gl_engine.tlog\lib.command.1.tlog
