  pch.cpp
  Camera.cpp
  FreeCamera.cpp
  OrthoCamera.cpp
  TargetCamera.cpp
  DirectionalLight.cpp
  Light.cpp
  PointLight.cpp
  SpotLight.cpp
  Material.cpp
  MaterialLibrary.cpp
  Arrow.cpp
  Cube.cpp
  Cylinder.cpp
  Mesh.cpp
  OBJ.cpp
  Plane.cpp
  Sphere.cpp
  Vertex.cpp
  WindowQuad.cpp
  CameraNode.cpp
  Generating Code...
  Compiling...
  LightNode.cpp
  MeshNode.cpp
  Node.cpp
  Bloom.cpp
  Deferred.cpp
  ToneMap.cpp
  Renderer.cpp
  Window.cpp
  Buffer.cpp
  VAO.cpp
  Framebuffer.cpp
  LoadShader.cpp
  ShadowMap.cpp
  Text2D.cpp
  Texture.cpp
  Timer.cpp
  VectorUtils.cpp
  Generating Code...
  gl_engine.vcxproj -> E:\DOCS\PROGRAMMING\17-02_GL_Engine\repos\opengl\x64\Debug\gl_engine.lib
